<?xml version='1.0' encoding='UTF-8'?>
<testsuite hostname="USERCHI-54Q8R74" name="TestShopCreateTime" tests="1" errors="0" failures="0" time="0.012">
                     <properties>
[...]
</properties>
                     <testcase classname="TestShopCreateTime" name="test shopproduct create_time must createTime years question" time="0.012">
                                                 
                                               </testcase>
                     <system-out></system-out>
                     <system-err></system-err>
                   </testsuite>